0 info it worked if it ends with ok
1 verbose cli [ 'C:\\Program Files\\nodejs\\node.exe',
1 verbose cli   'C:\\Users\\Administrator\\AppData\\Roaming\\npm\\node_modules\\npm\\bin\\npm-cli.js',
1 verbose cli   'install',
1 verbose cli   'react',
1 verbose cli   'react-dom',
1 verbose cli   '--save' ]
2 info using npm@3.10.5
3 info using node@v4.4.4
4 silly loadCurrentTree Starting
5 silly install loadCurrentTree
6 silly install readLocalPackageData
7 silly fetchPackageMetaData react
8 silly fetchPackageMetaData react-dom
9 silly fetchNamedPackageData react
10 silly mapToRegistry name react
11 silly mapToRegistry using default registry
12 silly mapToRegistry registry https://registry.npmjs.org/
13 silly mapToRegistry data Result {
13 silly mapToRegistry   raw: 'react',
13 silly mapToRegistry   scope: null,
13 silly mapToRegistry   escapedName: 'react',
13 silly mapToRegistry   name: 'react',
13 silly mapToRegistry   rawSpec: '',
13 silly mapToRegistry   spec: 'latest',
13 silly mapToRegistry   type: 'tag' }
14 silly mapToRegistry uri https://registry.npmjs.org/react
15 silly fetchNamedPackageData react-dom
16 silly mapToRegistry name react-dom
17 silly mapToRegistry using default registry
18 silly mapToRegistry registry https://registry.npmjs.org/
19 silly mapToRegistry data Result {
19 silly mapToRegistry   raw: 'react-dom',
19 silly mapToRegistry   scope: null,
19 silly mapToRegistry   escapedName: 'react-dom',
19 silly mapToRegistry   name: 'react-dom',
19 silly mapToRegistry   rawSpec: '',
19 silly mapToRegistry   spec: 'latest',
19 silly mapToRegistry   type: 'tag' }
20 silly mapToRegistry uri https://registry.npmjs.org/react-dom
21 verbose request uri https://registry.npmjs.org/react
22 verbose request no auth needed
23 info attempt registry request try #1 at 20:43:10
24 verbose request id fc9a7399ef8bd07c
25 verbose etag "1AB0L387GE10ZKCVREYFSEDM2"
26 http request GET https://registry.npmjs.org/react
27 verbose request uri https://registry.npmjs.org/react-dom
28 verbose request no auth needed
29 info attempt registry request try #1 at 20:43:10
30 verbose etag "9N41SMNBUV46ZYRDM2VYSR1R"
31 http request GET https://registry.npmjs.org/react-dom
32 http 200 https://registry.npmjs.org/react-dom
33 verbose headers { server: 'nginx/1.10.1',
33 verbose headers   'content-type': 'application/json',
33 verbose headers   'last-modified': 'Mon, 05 Dec 2016 17:02:07 GMT',
33 verbose headers   etag: 'W/"58459d8f-f908"',
33 verbose headers   'content-encoding': 'gzip',
33 verbose headers   'cache-control': 'max-age=300',
33 verbose headers   'content-length': '6766',
33 verbose headers   'accept-ranges': 'bytes',
33 verbose headers   date: 'Wed, 07 Dec 2016 12:43:20 GMT',
33 verbose headers   via: '1.1 varnish',
33 verbose headers   age: '104',
33 verbose headers   connection: 'keep-alive',
33 verbose headers   'x-served-by': 'cache-ams4430-AMS',
33 verbose headers   'x-cache': 'HIT',
33 verbose headers   'x-cache-hits': '1',
33 verbose headers   'x-timer': 'S1481114600.886487,VS0,VE0',
33 verbose headers   vary: 'Accept-Encoding' }
34 silly get cb [ 200,
34 silly get   { server: 'nginx/1.10.1',
34 silly get     'content-type': 'application/json',
34 silly get     'last-modified': 'Mon, 05 Dec 2016 17:02:07 GMT',
34 silly get     etag: 'W/"58459d8f-f908"',
34 silly get     'content-encoding': 'gzip',
34 silly get     'cache-control': 'max-age=300',
34 silly get     'content-length': '6766',
34 silly get     'accept-ranges': 'bytes',
34 silly get     date: 'Wed, 07 Dec 2016 12:43:20 GMT',
34 silly get     via: '1.1 varnish',
34 silly get     age: '104',
34 silly get     connection: 'keep-alive',
34 silly get     'x-served-by': 'cache-ams4430-AMS',
34 silly get     'x-cache': 'HIT',
34 silly get     'x-cache-hits': '1',
34 silly get     'x-timer': 'S1481114600.886487,VS0,VE0',
34 silly get     vary: 'Accept-Encoding' } ]
35 verbose get saving react-dom to C:\Users\Administrator\AppData\Roaming\npm-cache\registry.npmjs.org\react-dom\.cache.json
36 verbose correctMkdir C:\Users\Administrator\AppData\Roaming\npm-cache correctMkdir not in flight; initializing
37 http 200 https://registry.npmjs.org/react
38 verbose headers { server: 'nginx/1.10.1',
38 verbose headers   'content-type': 'application/json',
38 verbose headers   'last-modified': 'Tue, 06 Dec 2016 07:01:56 GMT',
38 verbose headers   etag: 'W/"58466264-20fc4"',
38 verbose headers   'content-encoding': 'gzip',
38 verbose headers   'cache-control': 'max-age=300',
38 verbose headers   'content-length': '13048',
38 verbose headers   'accept-ranges': 'bytes',
38 verbose headers   date: 'Wed, 07 Dec 2016 12:43:19 GMT',
38 verbose headers   via: '1.1 varnish',
38 verbose headers   age: '63',
38 verbose headers   connection: 'keep-alive',
38 verbose headers   'x-served-by': 'cache-ams4440-AMS',
38 verbose headers   'x-cache': 'HIT',
38 verbose headers   'x-cache-hits': '1',
38 verbose headers   'x-timer': 'S1481114599.501661,VS0,VE0',
38 verbose headers   vary: 'Accept-Encoding' }
39 silly get cb [ 200,
39 silly get   { server: 'nginx/1.10.1',
39 silly get     'content-type': 'application/json',
39 silly get     'last-modified': 'Tue, 06 Dec 2016 07:01:56 GMT',
39 silly get     etag: 'W/"58466264-20fc4"',
39 silly get     'content-encoding': 'gzip',
39 silly get     'cache-control': 'max-age=300',
39 silly get     'content-length': '13048',
39 silly get     'accept-ranges': 'bytes',
39 silly get     date: 'Wed, 07 Dec 2016 12:43:19 GMT',
39 silly get     via: '1.1 varnish',
39 silly get     age: '63',
39 silly get     connection: 'keep-alive',
39 silly get     'x-served-by': 'cache-ams4440-AMS',
39 silly get     'x-cache': 'HIT',
39 silly get     'x-cache-hits': '1',
39 silly get     'x-timer': 'S1481114599.501661,VS0,VE0',
39 silly get     vary: 'Accept-Encoding' } ]
40 verbose get saving react to C:\Users\Administrator\AppData\Roaming\npm-cache\registry.npmjs.org\react\.cache.json
41 verbose correctMkdir C:\Users\Administrator\AppData\Roaming\npm-cache correctMkdir not in flight; initializing
42 silly install normalizeTree
43 silly loadCurrentTree Finishing
44 silly loadIdealTree Starting
45 silly install loadIdealTree
46 silly cloneCurrentTree Starting
47 silly install cloneCurrentTreeToIdealTree
48 silly cloneCurrentTree Finishing
49 silly loadShrinkwrap Starting
50 silly install loadShrinkwrap
51 silly loadShrinkwrap Finishing
52 silly loadAllDepsIntoIdealTree Starting
53 silly install loadAllDepsIntoIdealTree
54 silly resolveWithNewModule react-dom@15.4.1 checking installable status
55 silly cache add args [ 'react-dom', null ]
56 verbose cache add spec react-dom
57 silly resolveWithNewModule react@15.4.1 checking installable status
58 silly cache add args [ 'react', null ]
59 verbose cache add spec react
60 silly cache add parsed spec Result {
60 silly cache add   raw: 'react-dom',
60 silly cache add   scope: null,
60 silly cache add   escapedName: 'react-dom',
60 silly cache add   name: 'react-dom',
60 silly cache add   rawSpec: '',
60 silly cache add   spec: 'latest',
60 silly cache add   type: 'tag' }
61 silly addNamed react-dom@latest
62 verbose addNamed "latest" is being treated as a dist-tag for react-dom
63 info addNameTag [ 'react-dom', 'latest' ]
64 silly mapToRegistry name react-dom
65 silly mapToRegistry using default registry
66 silly mapToRegistry registry https://registry.npmjs.org/
67 silly mapToRegistry data Result {
67 silly mapToRegistry   raw: 'react-dom',
67 silly mapToRegistry   scope: null,
67 silly mapToRegistry   escapedName: 'react-dom',
67 silly mapToRegistry   name: 'react-dom',
67 silly mapToRegistry   rawSpec: '',
67 silly mapToRegistry   spec: 'latest',
67 silly mapToRegistry   type: 'tag' }
68 silly mapToRegistry uri https://registry.npmjs.org/react-dom
69 verbose addNameTag registry:https://registry.npmjs.org/react-dom not in flight; fetching
70 silly cache add parsed spec Result {
70 silly cache add   raw: 'react',
70 silly cache add   scope: null,
70 silly cache add   escapedName: 'react',
70 silly cache add   name: 'react',
70 silly cache add   rawSpec: '',
70 silly cache add   spec: 'latest',
70 silly cache add   type: 'tag' }
71 silly addNamed react@latest
72 verbose addNamed "latest" is being treated as a dist-tag for react
73 info addNameTag [ 'react', 'latest' ]
74 silly mapToRegistry name react
75 silly mapToRegistry using default registry
76 silly mapToRegistry registry https://registry.npmjs.org/
77 silly mapToRegistry data Result {
77 silly mapToRegistry   raw: 'react',
77 silly mapToRegistry   scope: null,
77 silly mapToRegistry   escapedName: 'react',
77 silly mapToRegistry   name: 'react',
77 silly mapToRegistry   rawSpec: '',
77 silly mapToRegistry   spec: 'latest',
77 silly mapToRegistry   type: 'tag' }
78 silly mapToRegistry uri https://registry.npmjs.org/react
79 verbose addNameTag registry:https://registry.npmjs.org/react not in flight; fetching
80 verbose request uri https://registry.npmjs.org/react-dom
81 verbose request no auth needed
82 info attempt registry request try #1 at 20:44:15
83 verbose etag W/"58459d8f-f908"
84 verbose lastModified Mon, 05 Dec 2016 17:02:07 GMT
85 http request GET https://registry.npmjs.org/react-dom
86 verbose get https://registry.npmjs.org/react not expired, no request
87 silly addNameTag next cb for react with tag latest
88 silly addNamed react@15.4.1
89 verbose addNamed "15.4.1" is a plain semver version for react
90 silly mapToRegistry name react
91 silly mapToRegistry using default registry
92 silly mapToRegistry registry https://registry.npmjs.org/
93 silly mapToRegistry data Result {
93 silly mapToRegistry   raw: 'react',
93 silly mapToRegistry   scope: null,
93 silly mapToRegistry   escapedName: 'react',
93 silly mapToRegistry   name: 'react',
93 silly mapToRegistry   rawSpec: '',
93 silly mapToRegistry   spec: 'latest',
93 silly mapToRegistry   type: 'tag' }
94 silly mapToRegistry uri https://registry.npmjs.org/react
95 verbose addRemoteTarball https://registry.npmjs.org/react/-/react-15.4.1.tgz not in flight; adding
96 verbose addRemoteTarball [ 'https://registry.npmjs.org/react/-/react-15.4.1.tgz',
96 verbose addRemoteTarball   '498e918602677a3983cd0fd206dfe700389a0dd6' ]
97 info retry fetch attempt 1 at 20:44:15
98 info attempt registry request try #1 at 20:44:15
99 http fetch GET https://registry.npmjs.org/react/-/react-15.4.1.tgz
100 http 304 https://registry.npmjs.org/react-dom
101 verbose headers { date: 'Wed, 07 Dec 2016 12:44:22 GMT',
101 verbose headers   via: '1.1 varnish',
101 verbose headers   'cache-control': 'max-age=300',
101 verbose headers   etag: 'W/"58459d8f-f908"',
101 verbose headers   age: '166',
101 verbose headers   connection: 'keep-alive',
101 verbose headers   'x-served-by': 'cache-ams4430-AMS',
101 verbose headers   'x-cache': 'HIT',
101 verbose headers   'x-cache-hits': '2',
101 verbose headers   'x-timer': 'S1481114662.820035,VS0,VE0',
101 verbose headers   vary: 'Accept-Encoding' }
102 silly get cb [ 304,
102 silly get   { date: 'Wed, 07 Dec 2016 12:44:22 GMT',
102 silly get     via: '1.1 varnish',
102 silly get     'cache-control': 'max-age=300',
102 silly get     etag: 'W/"58459d8f-f908"',
102 silly get     age: '166',
102 silly get     connection: 'keep-alive',
102 silly get     'x-served-by': 'cache-ams4430-AMS',
102 silly get     'x-cache': 'HIT',
102 silly get     'x-cache-hits': '2',
102 silly get     'x-timer': 'S1481114662.820035,VS0,VE0',
102 silly get     vary: 'Accept-Encoding' } ]
103 verbose etag https://registry.npmjs.org/react-dom from cache
104 verbose get saving react-dom to C:\Users\Administrator\AppData\Roaming\npm-cache\registry.npmjs.org\react-dom\.cache.json
105 verbose correctMkdir C:\Users\Administrator\AppData\Roaming\npm-cache correctMkdir not in flight; initializing
106 silly addNameTag next cb for react-dom with tag latest
107 silly addNamed react-dom@15.4.1
108 verbose addNamed "15.4.1" is a plain semver version for react-dom
109 silly mapToRegistry name react-dom
110 silly mapToRegistry using default registry
111 silly mapToRegistry registry https://registry.npmjs.org/
112 silly mapToRegistry data Result {
112 silly mapToRegistry   raw: 'react-dom',
112 silly mapToRegistry   scope: null,
112 silly mapToRegistry   escapedName: 'react-dom',
112 silly mapToRegistry   name: 'react-dom',
112 silly mapToRegistry   rawSpec: '',
112 silly mapToRegistry   spec: 'latest',
112 silly mapToRegistry   type: 'tag' }
113 silly mapToRegistry uri https://registry.npmjs.org/react-dom
114 verbose addRemoteTarball https://registry.npmjs.org/react-dom/-/react-dom-15.4.1.tgz not in flight; adding
115 verbose addRemoteTarball [ 'https://registry.npmjs.org/react-dom/-/react-dom-15.4.1.tgz',
115 verbose addRemoteTarball   'd54c913261aaedb17adc20410d029dcc18a1344a' ]
116 info retry fetch attempt 1 at 20:44:16
117 info attempt registry request try #1 at 20:44:16
118 http fetch GET https://registry.npmjs.org/react-dom/-/react-dom-15.4.1.tgz
119 http fetch 200 https://registry.npmjs.org/react-dom/-/react-dom-15.4.1.tgz
120 http fetch 200 https://registry.npmjs.org/react/-/react-15.4.1.tgz
121 info retry will retry, error on last attempt: Error: read ECONNRESET
122 info retry will retry, error on last attempt: Error: read ECONNRESET
123 silly fetchAndShaCheck shasum 498e918602677a3983cd0fd206dfe700389a0dd6
124 info attempt registry request try #2 at 20:56:41
125 http fetch GET https://registry.npmjs.org/react/-/react-15.4.1.tgz
126 http fetch 200 https://registry.npmjs.org/react/-/react-15.4.1.tgz
127 info attempt registry request try #3 at 20:57:31
128 http fetch GET https://registry.npmjs.org/react/-/react-15.4.1.tgz
129 http fetch 200 https://registry.npmjs.org/react/-/react-15.4.1.tgz
130 info retry will retry, error on last attempt: Error: read ECONNRESET
131 info retry will retry, error on last attempt: Error: read ECONNRESET
132 silly fetchAndShaCheck shasum d54c913261aaedb17adc20410d029dcc18a1344a
133 silly rollbackFailedOptional Starting
134 silly rollbackFailedOptional Finishing
135 silly runTopLevelLifecycles Starting
136 silly runTopLevelLifecycles Finishing
137 silly install printInstalled
138 verbose stack Error: shasum check failed for C:\Users\ADMINI~1\AppData\Local\Temp\npm-1744-73040a32\registry.npmjs.org\react\-\react-15.4.1.tgz
138 verbose stack Expected: 498e918602677a3983cd0fd206dfe700389a0dd6
138 verbose stack Actual:   09bc6d5d1885e6eb9572cdeb08fc6c6232460949
138 verbose stack From:     https://registry.npmjs.org/react/-/react-15.4.1.tgz
138 verbose stack     at C:\Users\Administrator\AppData\Roaming\npm\node_modules\npm\node_modules\sha\index.js:25:8
138 verbose stack     at ReadStream.<anonymous> (C:\Users\Administrator\AppData\Roaming\npm\node_modules\npm\node_modules\sha\index.js:72:7)
138 verbose stack     at emitNone (events.js:72:20)
138 verbose stack     at ReadStream.emit (events.js:166:7)
138 verbose stack     at endReadableNT (_stream_readable.js:913:12)
138 verbose stack     at nextTickCallbackWith2Args (node.js:442:9)
138 verbose stack     at process._tickCallback (node.js:356:17)
139 verbose cwd E:\workspace\myreactstartkit
140 error Windows_NT 6.1.7600
141 error argv "C:\\Program Files\\nodejs\\node.exe" "C:\\Users\\Administrator\\AppData\\Roaming\\npm\\node_modules\\npm\\bin\\npm-cli.js" "install" "react" "react-dom" "--save"
142 error node v4.4.4
143 error npm  v3.10.5
144 error shasum check failed for C:\Users\ADMINI~1\AppData\Local\Temp\npm-1744-73040a32\registry.npmjs.org\react\-\react-15.4.1.tgz
144 error Expected: 498e918602677a3983cd0fd206dfe700389a0dd6
144 error Actual:   09bc6d5d1885e6eb9572cdeb08fc6c6232460949
144 error From:     https://registry.npmjs.org/react/-/react-15.4.1.tgz
145 error If you need help, you may report this error at:
145 error     <https://github.com/npm/npm/issues>
146 verbose exit [ 1, true ]
